<?xml version="1.0" encoding="UTF-8"?>
<!-- Generated by org.testng.reporters.JUnitXMLReporter -->
<testsuite ignored="0" hostname="LAPTOP-RP1T41LL" failures="1" tests="2" name="Test Error Validation" time="11.452" errors="0" timestamp="2022-09-03T18:05:07 PST">
  <testcase classname="Automation.E2EFrameworkNew.errorLoginValidation" name="ErrorLoginValidation" time="0.542">
    <skipped/>
  </testcase> <!-- ErrorLoginValidation -->
  <testcase classname="Automation.E2EFrameworkNew.errorLoginValidation" name="ErrorLoginValidation" time="0.46">
    <failure type="java.lang.AssertionError" message="expected [Incorrect email1 or password.] but found [Incorrect email or password.]">
      <![CDATA[java.lang.AssertionError: expected [Incorrect email1 or password.] but found [Incorrect email or password.]
at Automation.E2EFrameworkNew.errorLoginValidation.ErrorLoginValidation(errorLoginValidation.java:14)
at java.base/java.util.ArrayList.forEach(ArrayList.java:1511)
at java.base/java.util.concurrent.FutureTask.run(FutureTask.java:264)
at java.base/java.util.concurrent.ThreadPoolExecutor.runWorker(ThreadPoolExecutor.java:1136)
at java.base/java.util.concurrent.ThreadPoolExecutor$Worker.run(ThreadPoolExecutor.java:635)
at java.base/java.lang.Thread.run(Thread.java:833)
... Removed 24 stack frames]]>
    </failure>
  </testcase> <!-- ErrorLoginValidation -->
</testsuite> <!-- Test Error Validation -->
