<?xml version="1.0" encoding="UTF-8"?>
<!-- Generated by org.testng.reporters.JUnitXMLReporter -->
<testsuite ignored="0" hostname="LAPTOP-RP1T41LL" failures="0" tests="3" name="Test Order Product" time="25.249" errors="0" timestamp="2022-09-03T18:05:21 PST">
  <testcase classname="Automation.E2EFrameworkNew.SubmitOrder" name="BuyProductFlow" time="4.85"/>
  <testcase classname="Automation.E2EFrameworkNew.SubmitOrder" name="BuyProductFlow" time="4.454"/>
  <testcase classname="Automation.E2EFrameworkNew.SubmitOrder" name="ValidateOrderInHistory" time="0.777"/>
</testsuite> <!-- Test Order Product -->
