<?xml version="1.0" encoding="UTF-8"?>
<!-- Generated by org.testng.reporters.JUnitXMLReporter -->
<testsuite ignored="0" hostname="LAPTOP-RP1T41LL" failures="0" tests="3" name="Test Order Product" time="35.512" errors="0" timestamp="2022-09-04T14:26:26 PST">
  <testcase classname="Automation.E2EFrameworkNew.SubmitOrder" name="BuyProductFlow" time="5.976"/>
  <testcase classname="Automation.E2EFrameworkNew.SubmitOrder" name="BuyProductFlow" time="5.716"/>
  <testcase classname="Automation.E2EFrameworkNew.SubmitOrder" name="ValidateOrderInHistory" time="1.305"/>
</testsuite> <!-- Test Order Product -->
